[debug] [2024-04-11T04:50:28.324Z] ----------------------------------------------------------------------
[debug] [2024-04-11T04:50:28.327Z] Command:       C:\Program Files\nodejs\node.exe C:\Users\karee\AppData\Roaming\npm\node_modules\firebase-tools\lib\bin\firebase.js deploy
[debug] [2024-04-11T04:50:28.328Z] CLI Version:   13.7.1
[debug] [2024-04-11T04:50:28.328Z] Platform:      win32
[debug] [2024-04-11T04:50:28.328Z] Node Version:  v20.12.1
[debug] [2024-04-11T04:50:28.328Z] Time:          Thu Apr 11 2024 06:50:28 GMT+0200 (توقيت شرق أوروبا الرسمي)
[debug] [2024-04-11T04:50:28.329Z] ----------------------------------------------------------------------
[debug] 
[debug] [2024-04-11T04:50:28.419Z] > command requires scopes: ["email","openid","https://www.googleapis.com/auth/cloudplatformprojects.readonly","https://www.googleapis.com/auth/firebase","https://www.googleapis.com/auth/cloud-platform"]
[debug] [2024-04-11T04:50:28.420Z] > authorizing via signed-in user (kareem4shimas@gmail.com)
[debug] [2024-04-11T04:50:28.420Z] [iam] checking project taaly-task for permissions ["firebase.projects.get","firebasehosting.sites.update"]
[debug] [2024-04-11T04:50:28.423Z] >>> [apiv2][query] POST https://cloudresourcemanager.googleapis.com/v1/projects/taaly-task:testIamPermissions [none]
[debug] [2024-04-11T04:50:28.423Z] >>> [apiv2][(partial)header] POST https://cloudresourcemanager.googleapis.com/v1/projects/taaly-task:testIamPermissions x-goog-quota-user=projects/taaly-task
[debug] [2024-04-11T04:50:28.423Z] >>> [apiv2][body] POST https://cloudresourcemanager.googleapis.com/v1/projects/taaly-task:testIamPermissions {"permissions":["firebase.projects.get","firebasehosting.sites.update"]}
[debug] [2024-04-11T04:50:29.347Z] <<< [apiv2][status] POST https://cloudresourcemanager.googleapis.com/v1/projects/taaly-task:testIamPermissions 200
[debug] [2024-04-11T04:50:29.347Z] <<< [apiv2][body] POST https://cloudresourcemanager.googleapis.com/v1/projects/taaly-task:testIamPermissions {"permissions":["firebase.projects.get","firebasehosting.sites.update"]}
[debug] [2024-04-11T04:50:29.348Z] >>> [apiv2][query] GET https://firebase.googleapis.com/v1beta1/projects/taaly-task [none]
[debug] [2024-04-11T04:50:29.709Z] <<< [apiv2][status] GET https://firebase.googleapis.com/v1beta1/projects/taaly-task 200
[debug] [2024-04-11T04:50:29.709Z] <<< [apiv2][body] GET https://firebase.googleapis.com/v1beta1/projects/taaly-task {"projectId":"taaly-task","projectNumber":"590092131567","displayName":"taaly-task","name":"projects/taaly-task","resources":{"hostingSite":"taaly-task"},"state":"ACTIVE","etag":"1_a4a5fcae-9c18-4c41-aec9-8ee512e138df"}
[debug] [2024-04-11T04:50:33.750Z] >>> [apiv2][query] GET https://firebasehosting.googleapis.com/v1beta1/projects/taaly-task/sites pageToken=&pageSize=10
[debug] [2024-04-11T04:50:34.846Z] <<< [apiv2][status] GET https://firebasehosting.googleapis.com/v1beta1/projects/taaly-task/sites 200
[debug] [2024-04-11T04:50:34.846Z] <<< [apiv2][body] GET https://firebasehosting.googleapis.com/v1beta1/projects/taaly-task/sites {"sites":[{"name":"projects/taaly-task/sites/taaly-task","defaultUrl":"https://taaly-task.web.app","appId":"1:590092131567:web:59e4148909ff08916a0f1a","type":"DEFAULT_SITE"}]}
[debug] [2024-04-11T04:50:34.846Z] >>> [apiv2][query] GET https://firebase.googleapis.com/v1beta1/projects/-/webApps/1:590092131567:web:59e4148909ff08916a0f1a/config [none]
[debug] [2024-04-11T04:50:35.576Z] <<< [apiv2][status] GET https://firebase.googleapis.com/v1beta1/projects/-/webApps/1:590092131567:web:59e4148909ff08916a0f1a/config 200
[debug] [2024-04-11T04:50:35.576Z] <<< [apiv2][body] GET https://firebase.googleapis.com/v1beta1/projects/-/webApps/1:590092131567:web:59e4148909ff08916a0f1a/config {"projectId":"taaly-task","appId":"1:590092131567:web:59e4148909ff08916a0f1a","storageBucket":"taaly-task.appspot.com","apiKey":"AIzaSyDS6w2HdU9Lw9V2zNhB3-j_XhUPers8EZU","authDomain":"taaly-task.firebaseapp.com","messagingSenderId":"590092131567","measurementId":"G-GL97HWK1C1"}
[info] 
   Thank you for trying our early preview of Next.js support on Firebase Hosting.
   During the preview, support is best-effort and breaking changes can be expected. Proceed with caution.
   The integration is known to work with Next.js version 12 - 14.0. You may encounter errors.

   Documentation: https://firebase.google.com/docs/hosting/frameworks/nextjs
   File a bug: https://github.com/firebase/firebase-tools/issues/new?template=bug_report.md
   Submit a feature request: https://github.com/firebase/firebase-tools/issues/new?template=feature_request.md

   We'd love to learn from you. Express your interest in helping us shape the future of Firebase Hosting: https://goo.gle/41enW5X

[debug] [2024-04-11T04:50:44.752Z] >>> [apiv2][query] GET https://firebasehosting.googleapis.com/v1beta1/projects/taaly-task/sites/taaly-task [none]
[debug] [2024-04-11T04:50:45.672Z] <<< [apiv2][status] GET https://firebasehosting.googleapis.com/v1beta1/projects/taaly-task/sites/taaly-task 200
[debug] [2024-04-11T04:50:45.672Z] <<< [apiv2][body] GET https://firebasehosting.googleapis.com/v1beta1/projects/taaly-task/sites/taaly-task {"name":"projects/taaly-task/sites/taaly-task","defaultUrl":"https://taaly-task.web.app","appId":"1:590092131567:web:59e4148909ff08916a0f1a","type":"DEFAULT_SITE"}
[info]    ▲ Next.js 14.1.4

[info]    - Environments: .env


[info]    Creating an optimized production build ...

[info]  ⚠ Next.js can't recognize the exported `config` field in route "/middleware":
Unsupported template literal with expressions at "config.matcher[0]".
The default config will be used instead.
Read More - https://nextjs.org/docs/messages/invalid-page-config

[info]  ⚠ Next.js can't recognize the exported `config` field in route "/middleware":
Unsupported template literal with expressions at "config.matcher[0]".
The default config will be used instead.
Read More - https://nextjs.org/docs/messages/invalid-page-config

[info] Compiler edge-server unexpectedly exited with code: null and signal: SIGTERM

[info]  ⚠ Next.js can't recognize the exported `config` field in route "/middleware":
Unsupported template literal with expressions at "config.matcher[0]".
The default config will be used instead.
Read More - https://nextjs.org/docs/messages/invalid-page-config

[info]  ✓ Compiled successfully

[info]    Linting and checking validity of types ...

[info]    Collecting page data ...

[info]    Generating static pages (0/20) ...

[info]    Generating static pages (5/20) 

[info]    Generating static pages (10/20) 

[info]    Generating static pages (15/20) 

[info]  ✓ Generating static pages (20/20) 

[info]    Finalizing page optimization ...

[info]    Collecting build traces ...

[info] 

[info] Route (app)                                                Size     First Load JS
┌ λ /                                                      175 B          91.3 kB
├ ○ /_not-found                                            882 B          85.2 kB
├ ○ /admin                                                 3.72 kB         212 kB
├ ● /admin/[slug]                                          895 B          98.3 kB
├   ├ /admin/matching
├   ├ /admin/reporting
├   ├ /admin/organizations
├   └ [+4 more paths]
├ ● /admin/learner-profile/[id]                            1.89 kB         204 kB
├   ├ /admin/learner-profile/EFdEnE1NcvY4OXmuxOK5CodcsNT2
├   ├ /admin/learner-profile/GsvwlG0s42VC85fOELJ6yzR37Lr2
├   └ /admin/learner-profile/O1EbnZNOoGhulxgcIzh9zLFjShO2
├ ○ /forgot-password                                       155 B           233 kB
├ ○ /login                                                 155 B           233 kB
├ ○ /profile                                               2.23 kB         216 kB
└ ○ /signup                                                155 B           233 kB
+ First Load JS shared by all                              84.4 kB
  ├ chunks/69-7ff5bcd4bf59af94.js                          29 kB
  ├ chunks/fd9d1056-73c390436a8bcdbd.js                    53.4 kB
  └ other shared chunks (total)                            1.96 kB


ƒ Middleware                                               28.7 kB

[info] 
○  (Static)   prerendered as static content
●  (SSG)      prerendered as static HTML (uses getStaticProps)
λ  (Dynamic)  server-rendered on demand using Node.js


[info] Building a Cloud Function to run this application. This is needed due to:
[info]  • middleware
[info]  • Image Optimization
[info]  • use of fallback /admin/learner-profile/[id]
[info]  • use of fallback /admin/[slug]
[info]  • non-static component /page
[info] 
[debug] [2024-04-11T04:51:12.536Z] skipping /favicon.ico due to it matching an unsupported rewrite/redirect/header or middlware
[debug] [2024-04-11T04:51:12.536Z] skipping /login due to it matching an unsupported rewrite/redirect/header or middlware
[debug] [2024-04-11T04:51:12.537Z] skipping /admin/learner-profile/EFdEnE1NcvY4OXmuxOK5CodcsNT2 due to it matching an unsupported rewrite/redirect/header or middlware
[debug] [2024-04-11T04:51:12.537Z] skipping /admin/learner-profile/GsvwlG0s42VC85fOELJ6yzR37Lr2 due to it matching an unsupported rewrite/redirect/header or middlware
[debug] [2024-04-11T04:51:12.537Z] skipping /admin/learner-profile/O1EbnZNOoGhulxgcIzh9zLFjShO2 due to it matching an unsupported rewrite/redirect/header or middlware
[debug] [2024-04-11T04:51:12.537Z] skipping /admin/matching due to it matching an unsupported rewrite/redirect/header or middlware
[debug] [2024-04-11T04:51:12.537Z] skipping /admin/reporting due to it matching an unsupported rewrite/redirect/header or middlware
[debug] [2024-04-11T04:51:12.537Z] skipping /admin/organizations due to it matching an unsupported rewrite/redirect/header or middlware
[debug] [2024-04-11T04:51:12.537Z] skipping /admin/projects due to it matching an unsupported rewrite/redirect/header or middlware
[debug] [2024-04-11T04:51:12.537Z] skipping /admin/learning-tracks due to it matching an unsupported rewrite/redirect/header or middlware
[debug] [2024-04-11T04:51:12.537Z] skipping /admin/settings due to it matching an unsupported rewrite/redirect/header or middlware
[debug] [2024-04-11T04:51:12.537Z] skipping /admin/help due to it matching an unsupported rewrite/redirect/header or middlware
[debug] [2024-04-11T04:51:12.537Z] skipping /forgot-password due to it matching an unsupported rewrite/redirect/header or middlware
[debug] [2024-04-11T04:51:12.537Z] skipping /admin due to it matching an unsupported rewrite/redirect/header or middlware
[debug] [2024-04-11T04:51:12.537Z] skipping /profile due to it matching an unsupported rewrite/redirect/header or middlware
[debug] [2024-04-11T04:51:12.538Z] skipping /signup due to it matching an unsupported rewrite/redirect/header or middlware
[debug] [2024-04-11T04:51:12.538Z] skipping /404 due to it matching an unsupported rewrite/redirect/header or middlware
[debug] [2024-04-11T04:51:26.083Z] >>> [apiv2][query] GET https://firebasehosting.googleapis.com/v1beta1/projects/taaly-task/sites/taaly-task [none]
[debug] [2024-04-11T04:51:26.999Z] <<< [apiv2][status] GET https://firebasehosting.googleapis.com/v1beta1/projects/taaly-task/sites/taaly-task 200
[debug] [2024-04-11T04:51:26.999Z] <<< [apiv2][body] GET https://firebasehosting.googleapis.com/v1beta1/projects/taaly-task/sites/taaly-task {"name":"projects/taaly-task/sites/taaly-task","defaultUrl":"https://taaly-task.web.app","appId":"1:590092131567:web:59e4148909ff08916a0f1a","type":"DEFAULT_SITE"}
[debug] [2024-04-11T04:51:27.251Z] Error: Source and destination must not be the same.
    at C:\Users\karee\AppData\Roaming\npm\node_modules\firebase-tools\node_modules\fs-extra\lib\util\stat.js:49:19
    at process.processTicksAndRejections (node:internal/process/task_queues:82:21)
[error] 
[error] Error: An unexpected error has occurred.
[debug] [2024-04-11T04:51:43.729Z] ----------------------------------------------------------------------
[debug] [2024-04-11T04:51:43.732Z] Command:       C:\Program Files\nodejs\node.exe C:\Users\karee\AppData\Roaming\npm\node_modules\firebase-tools\lib\bin\firebase.js deploy
[debug] [2024-04-11T04:51:43.732Z] CLI Version:   13.7.1
[debug] [2024-04-11T04:51:43.733Z] Platform:      win32
[debug] [2024-04-11T04:51:43.733Z] Node Version:  v20.12.1
[debug] [2024-04-11T04:51:43.733Z] Time:          Thu Apr 11 2024 06:51:43 GMT+0200 (توقيت شرق أوروبا الرسمي)
[debug] [2024-04-11T04:51:43.733Z] ----------------------------------------------------------------------
[debug] 
[debug] [2024-04-11T04:51:43.831Z] > command requires scopes: ["email","openid","https://www.googleapis.com/auth/cloudplatformprojects.readonly","https://www.googleapis.com/auth/firebase","https://www.googleapis.com/auth/cloud-platform"]
[debug] [2024-04-11T04:51:43.832Z] > authorizing via signed-in user (kareem4shimas@gmail.com)
[debug] [2024-04-11T04:51:43.832Z] [iam] checking project taaly-task for permissions ["firebase.projects.get","firebasehosting.sites.update"]
[debug] [2024-04-11T04:51:43.834Z] >>> [apiv2][query] POST https://cloudresourcemanager.googleapis.com/v1/projects/taaly-task:testIamPermissions [none]
[debug] [2024-04-11T04:51:43.834Z] >>> [apiv2][(partial)header] POST https://cloudresourcemanager.googleapis.com/v1/projects/taaly-task:testIamPermissions x-goog-quota-user=projects/taaly-task
[debug] [2024-04-11T04:51:43.834Z] >>> [apiv2][body] POST https://cloudresourcemanager.googleapis.com/v1/projects/taaly-task:testIamPermissions {"permissions":["firebase.projects.get","firebasehosting.sites.update"]}
[debug] [2024-04-11T04:51:44.693Z] <<< [apiv2][status] POST https://cloudresourcemanager.googleapis.com/v1/projects/taaly-task:testIamPermissions 200
[debug] [2024-04-11T04:51:44.694Z] <<< [apiv2][body] POST https://cloudresourcemanager.googleapis.com/v1/projects/taaly-task:testIamPermissions {"permissions":["firebase.projects.get","firebasehosting.sites.update"]}
[debug] [2024-04-11T04:51:44.695Z] >>> [apiv2][query] GET https://firebase.googleapis.com/v1beta1/projects/taaly-task [none]
[debug] [2024-04-11T04:51:45.058Z] <<< [apiv2][status] GET https://firebase.googleapis.com/v1beta1/projects/taaly-task 200
[debug] [2024-04-11T04:51:45.059Z] <<< [apiv2][body] GET https://firebase.googleapis.com/v1beta1/projects/taaly-task {"projectId":"taaly-task","projectNumber":"590092131567","displayName":"taaly-task","name":"projects/taaly-task","resources":{"hostingSite":"taaly-task"},"state":"ACTIVE","etag":"1_a4a5fcae-9c18-4c41-aec9-8ee512e138df"}
[debug] [2024-04-11T04:51:49.223Z] >>> [apiv2][query] GET https://firebasehosting.googleapis.com/v1beta1/projects/taaly-task/sites pageToken=&pageSize=10
[debug] [2024-04-11T04:51:50.218Z] <<< [apiv2][status] GET https://firebasehosting.googleapis.com/v1beta1/projects/taaly-task/sites 200
[debug] [2024-04-11T04:51:50.218Z] <<< [apiv2][body] GET https://firebasehosting.googleapis.com/v1beta1/projects/taaly-task/sites {"sites":[{"name":"projects/taaly-task/sites/taaly-task","defaultUrl":"https://taaly-task.web.app","appId":"1:590092131567:web:59e4148909ff08916a0f1a","type":"DEFAULT_SITE"}]}
[debug] [2024-04-11T04:51:50.218Z] >>> [apiv2][query] GET https://firebase.googleapis.com/v1beta1/projects/-/webApps/1:590092131567:web:59e4148909ff08916a0f1a/config [none]
[debug] [2024-04-11T04:51:51.046Z] <<< [apiv2][status] GET https://firebase.googleapis.com/v1beta1/projects/-/webApps/1:590092131567:web:59e4148909ff08916a0f1a/config 200
[debug] [2024-04-11T04:51:51.046Z] <<< [apiv2][body] GET https://firebase.googleapis.com/v1beta1/projects/-/webApps/1:590092131567:web:59e4148909ff08916a0f1a/config {"projectId":"taaly-task","appId":"1:590092131567:web:59e4148909ff08916a0f1a","storageBucket":"taaly-task.appspot.com","apiKey":"AIzaSyDS6w2HdU9Lw9V2zNhB3-j_XhUPers8EZU","authDomain":"taaly-task.firebaseapp.com","messagingSenderId":"590092131567","measurementId":"G-GL97HWK1C1"}
[info] 
   Thank you for trying our early preview of Next.js support on Firebase Hosting.
   During the preview, support is best-effort and breaking changes can be expected. Proceed with caution.
   The integration is known to work with Next.js version 12 - 14.0. You may encounter errors.

   Documentation: https://firebase.google.com/docs/hosting/frameworks/nextjs
   File a bug: https://github.com/firebase/firebase-tools/issues/new?template=bug_report.md
   Submit a feature request: https://github.com/firebase/firebase-tools/issues/new?template=feature_request.md

   We'd love to learn from you. Express your interest in helping us shape the future of Firebase Hosting: https://goo.gle/41enW5X

[debug] [2024-04-11T04:52:00.355Z] >>> [apiv2][query] GET https://firebasehosting.googleapis.com/v1beta1/projects/taaly-task/sites/taaly-task [none]
[debug] [2024-04-11T04:52:01.271Z] <<< [apiv2][status] GET https://firebasehosting.googleapis.com/v1beta1/projects/taaly-task/sites/taaly-task 200
[debug] [2024-04-11T04:52:01.271Z] <<< [apiv2][body] GET https://firebasehosting.googleapis.com/v1beta1/projects/taaly-task/sites/taaly-task {"name":"projects/taaly-task/sites/taaly-task","defaultUrl":"https://taaly-task.web.app","appId":"1:590092131567:web:59e4148909ff08916a0f1a","type":"DEFAULT_SITE"}
[info]    ▲ Next.js 14.1.4

[info]    - Environments: .env


[info]    Creating an optimized production build ...

[info]  ⚠ Next.js can't recognize the exported `config` field in route "/middleware":
Unsupported template literal with expressions at "config.matcher[0]".
The default config will be used instead.
Read More - https://nextjs.org/docs/messages/invalid-page-config

[info]  ⚠ Next.js can't recognize the exported `config` field in route "/middleware":
Unsupported template literal with expressions at "config.matcher[0]".
The default config will be used instead.
Read More - https://nextjs.org/docs/messages/invalid-page-config

[info] Compiler edge-server unexpectedly exited with code: null and signal: SIGTERM

[info]  ⚠ Next.js can't recognize the exported `config` field in route "/middleware":
Unsupported template literal with expressions at "config.matcher[0]".
The default config will be used instead.
Read More - https://nextjs.org/docs/messages/invalid-page-config

[info]  ✓ Compiled successfully

[info]    Linting and checking validity of types ...

[info]    Collecting page data ...

[info]    Generating static pages (0/20) ...

[info]    Generating static pages (5/20) 

[info]    Generating static pages (10/20) 

[info]    Generating static pages (15/20) 

[info]  ✓ Generating static pages (20/20) 

[info]    Finalizing page optimization ...

[info]    Collecting build traces ...

[info] 

[info] Route (app)                                                Size     First Load JS
┌ λ /                                                      175 B          91.3 kB
├ ○ /_not-found                                            882 B          85.2 kB
├ ○ /admin                                                 3.72 kB         212 kB
├ ● /admin/[slug]                                          895 B          98.3 kB
├   ├ /admin/matching
├   ├ /admin/reporting
├   ├ /admin/organizations
├   └ [+4 more paths]
├ ● /admin/learner-profile/[id]                            1.89 kB         204 kB
├   ├ /admin/learner-profile/EFdEnE1NcvY4OXmuxOK5CodcsNT2
├   ├ /admin/learner-profile/GsvwlG0s42VC85fOELJ6yzR37Lr2
├   └ /admin/learner-profile/O1EbnZNOoGhulxgcIzh9zLFjShO2
├ ○ /forgot-password                                       155 B           233 kB
├ ○ /login                                                 155 B           233 kB
├ ○ /profile                                               2.23 kB         216 kB
└ ○ /signup                                                155 B           233 kB
+ First Load JS shared by all                              84.4 kB
  ├ chunks/69-7ff5bcd4bf59af94.js                          29 kB
  ├ chunks/fd9d1056-73c390436a8bcdbd.js                    53.4 kB
  └ other shared chunks (total)                            1.96 kB


ƒ Middleware                                               28.7 kB

[info] 
○  (Static)   prerendered as static content
●  (SSG)      prerendered as static HTML (uses getStaticProps)
λ  (Dynamic)  server-rendered on demand using Node.js


[info] Building a Cloud Function to run this application. This is needed due to:
[info]  • middleware
[info]  • Image Optimization
[info]  • use of fallback /admin/[slug]
[info]  • use of fallback /admin/learner-profile/[id]
[info]  • non-static component /page
[info] 
[debug] [2024-04-11T04:52:32.632Z] skipping /favicon.ico due to it matching an unsupported rewrite/redirect/header or middlware
[debug] [2024-04-11T04:52:32.633Z] skipping /admin/matching due to it matching an unsupported rewrite/redirect/header or middlware
[debug] [2024-04-11T04:52:32.633Z] skipping /admin/reporting due to it matching an unsupported rewrite/redirect/header or middlware
[debug] [2024-04-11T04:52:32.633Z] skipping /admin/organizations due to it matching an unsupported rewrite/redirect/header or middlware
[debug] [2024-04-11T04:52:32.633Z] skipping /admin/projects due to it matching an unsupported rewrite/redirect/header or middlware
[debug] [2024-04-11T04:52:32.633Z] skipping /admin/learning-tracks due to it matching an unsupported rewrite/redirect/header or middlware
[debug] [2024-04-11T04:52:32.633Z] skipping /admin/settings due to it matching an unsupported rewrite/redirect/header or middlware
[debug] [2024-04-11T04:52:32.633Z] skipping /admin/help due to it matching an unsupported rewrite/redirect/header or middlware
[debug] [2024-04-11T04:52:32.633Z] skipping /admin/learner-profile/EFdEnE1NcvY4OXmuxOK5CodcsNT2 due to it matching an unsupported rewrite/redirect/header or middlware
[debug] [2024-04-11T04:52:32.634Z] skipping /admin/learner-profile/GsvwlG0s42VC85fOELJ6yzR37Lr2 due to it matching an unsupported rewrite/redirect/header or middlware
[debug] [2024-04-11T04:52:32.634Z] skipping /admin/learner-profile/O1EbnZNOoGhulxgcIzh9zLFjShO2 due to it matching an unsupported rewrite/redirect/header or middlware
[debug] [2024-04-11T04:52:32.634Z] skipping /forgot-password due to it matching an unsupported rewrite/redirect/header or middlware
[debug] [2024-04-11T04:52:32.634Z] skipping /admin due to it matching an unsupported rewrite/redirect/header or middlware
[debug] [2024-04-11T04:52:32.634Z] skipping /profile due to it matching an unsupported rewrite/redirect/header or middlware
[debug] [2024-04-11T04:52:32.634Z] skipping /signup due to it matching an unsupported rewrite/redirect/header or middlware
[debug] [2024-04-11T04:52:32.634Z] skipping /login due to it matching an unsupported rewrite/redirect/header or middlware
[debug] [2024-04-11T04:52:32.634Z] skipping /404 due to it matching an unsupported rewrite/redirect/header or middlware
[debug] [2024-04-11T04:52:38.939Z] >>> [apiv2][query] GET https://firebasehosting.googleapis.com/v1beta1/projects/taaly-task/sites/taaly-task [none]
[debug] [2024-04-11T04:52:39.869Z] <<< [apiv2][status] GET https://firebasehosting.googleapis.com/v1beta1/projects/taaly-task/sites/taaly-task 200
[debug] [2024-04-11T04:52:39.870Z] <<< [apiv2][body] GET https://firebasehosting.googleapis.com/v1beta1/projects/taaly-task/sites/taaly-task {"name":"projects/taaly-task/sites/taaly-task","defaultUrl":"https://taaly-task.web.app","appId":"1:590092131567:web:59e4148909ff08916a0f1a","type":"DEFAULT_SITE"}
[debug] [2024-04-11T04:52:40.149Z] Error: Source and destination must not be the same.
    at C:\Users\karee\AppData\Roaming\npm\node_modules\firebase-tools\node_modules\fs-extra\lib\util\stat.js:49:19
    at process.processTicksAndRejections (node:internal/process/task_queues:82:21)
[error] 
[error] Error: An unexpected error has occurred.
